<?xml version="1.0" encoding="UTF-8"?>
<!-- Generated by org.testng.reporters.JUnitXMLReporter -->
<testsuite hostname="CHITTU-PC" name="Default test" tests="5" failures="0" timestamp="18 Sep 2016 09:59:10 GMT" time="0.427" errors="0">
  <testcase name="@BeforeTest start" time="0.0" classname="loginTest.TC_Login">
    <failure type="org.testng.TestNGException" message="
Parameter &amp;apos;browser&amp;apos; is required by @Configuration on method start but has not been marked @Optional or defined
in C:\Users\CHITTU\AppData\Local\Temp\testng-eclipse--1075641393\testng-customsuite.xml">
      <![CDATA[org.testng.TestNGException: 
Parameter 'browser' is required by @Configuration on method start but has not been marked @Optional or defined
in C:\Users\CHITTU\AppData\Local\Temp\testng-eclipse--1075641393\testng-customsuite.xml
	at org.testng.internal.Parameters.createParameters(Parameters.java:155)
	at org.testng.internal.Parameters.createParameters(Parameters.java:358)
	at org.testng.internal.Parameters.createConfigurationParameters(Parameters.java:86)
	at org.testng.internal.Invoker.invokeConfigurations(Invoker.java:199)
	at org.testng.internal.Invoker.invokeConfigurations(Invoker.java:138)
	at org.testng.TestRunner.beforeRun(TestRunner.java:641)
	at org.testng.TestRunner.run(TestRunner.java:609)
	at org.testng.SuiteRunner.runTest(SuiteRunner.java:334)
	at org.testng.SuiteRunner.runSequentially(SuiteRunner.java:329)
	at org.testng.SuiteRunner.privateRun(SuiteRunner.java:291)
	at org.testng.SuiteRunner.run(SuiteRunner.java:240)
	at org.testng.SuiteRunnerWorker.runSuite(SuiteRunnerWorker.java:52)
	at org.testng.SuiteRunnerWorker.run(SuiteRunnerWorker.java:86)
	at org.testng.TestNG.runSuitesSequentially(TestNG.java:1224)
	at org.testng.TestNG.runSuitesLocally(TestNG.java:1149)
	at org.testng.TestNG.run(TestNG.java:1057)
	at org.testng.remote.RemoteTestNG.run(RemoteTestNG.java:111)
	at org.testng.remote.RemoteTestNG.initAndRun(RemoteTestNG.java:204)
	at org.testng.remote.RemoteTestNG.main(RemoteTestNG.java:175)
]]>
    </failure>
  </testcase> <!-- @BeforeTest start -->
  <testcase name="@AfterTest close" time="0.0" classname="loginTest.TC_Login">
    <skipped/>
  </testcase> <!-- @AfterTest close -->
  <testcase name="login" time="0.004" classname="loginTest.TC_Login">
    <skipped/>
  </testcase> <!-- login -->
  <testcase name="testCaseOne" time="0.003" classname="loginTest.TC_Login">
    <skipped/>
  </testcase> <!-- testCaseOne -->
  <testcase name="testOptionParamTwo" time="0.015" classname="loginTest.TC_Login">
    <skipped/>
  </testcase> <!-- testOptionParamTwo -->
  <testcase name="testOptional" time="0.001" classname="loginTest.TC_Login">
    <skipped/>
  </testcase> <!-- testOptional -->
  <testcase name="verifyLoginTest" time="0.309" classname="loginTest.TC_Login">
    <skipped/>
  </testcase> <!-- verifyLoginTest -->
</testsuite> <!-- Default test -->
